<?xml version="1.0" encoding="UTF-8"?>
<!-- Generated by org.testng.reporters.JUnitReportReporter -->
<testsuite skipped="0" hostname="Elions-MacBook-Pro.local" name="com.sis.testcases.OurFirstTest" tests="1" failures="0" timestamp="2020-01-22T20:46:33 EST" time="7.678" errors="0">
  <testcase name="login" time="7.678" classname="com.sis.testcases.OurFirstTest"/>
</testsuite> <!-- com.sis.testcases.OurFirstTest -->
