<?xml version="1.0" encoding="UTF-8"?>
<!-- Generated by org.testng.reporters.JUnitReportReporter -->
<testsuite skipped="0" hostname="Elions-MacBook-Pro.local" name="com.sis.testcases.LoginPageTest" tests="2" failures="0" timestamp="2020-01-23T08:54:11 EST" time="6.278" errors="0">
  <testcase name="loginTestNoPassword" time="1.538" classname="com.sis.testcases.LoginPageTest"/>
  <testcase name="loginTest" time="4.740" classname="com.sis.testcases.LoginPageTest"/>
</testsuite> <!-- com.sis.testcases.LoginPageTest -->
